Info:  Option EMR has been enabled.
Info:  Option GmshOptimization3D has been enabled.
Info:  Option PlaxisHigherOrderOptimization3D has been enabled.
Info:  Option FlushLogImmediately has been enabled.
Info:  Option NewCoarsenessImplementation has been enabled.
Info:  Option UseFullEmbeddedFeaturesInCoarseness has been enabled.
Info:  Option OptimizeMeshIntersectingEmbeddedFeatures has been enabled.
Info:  Going to check directory C:\Program Files\Seequent\PLAXIS 3D 2024\toggles for toggles.
Info:  Setting EMRFactor_MinimumElementSize has been set to the value 0.005
Info:  Setting EMRParameter_GlobalScale has been set to the value 1.2
Info:  Setting EMRWeight_Proximity has been set to the value 2
Info:  Setting EMRFactor_MinimumElementSize has been set to the value 0.005
Info:  Setting EMRParameter_GlobalScale has been set to the value 1.2
Info:  Setting EMRWeight_Proximity has been set to the value 2
Info:  Option IntegrateWithFortranKernel has been enabled.
Info:  Element dimension set to 6.64854
Info:  Option EMR has been enabled.
Info:  Setting EMRParameter_GlobalScale has been set to the value 1.2
Info:  Setting EMRFactor_MinimumElementSize has been set to the value 0.005
Info:  Setting EMRWeight_Proximity has been set to the value 2
Info:  Option TrySweepableMeshes has been disabled.
Info:  Adding geometry Polygon_Volume_1_4_1
Info:  Adding geometry Polygon_Volume_1_5_1
Info:  Adding geometry Polygon_Volume_1_4_2
Info:  Adding geometry Polygon_Volume_1_5_2
Info:  Adding geometry Polygon_Volume_1_4_3
Info:  Adding geometry Polygon_Volume_1_5_3
Info:  Adding geometry Polygon_Volume_1_4_4
Info:  Adding geometry Polygon_Volume_1_5_4
Info:  Adding geometry Polygon_Volume_1_4_5
Info:  Adding geometry Polygon_Volume_1_5_5
Info:  Adding geometry Polygon_Volume_1_4_6
Info:  Adding geometry Polygon_Volume_1_5_6
Info:  Adding geometry Polygon_3_1
Info:  Adding geometry Polygon_Volume_1_4_7
Info:  Adding geometry Polygon_Volume_1_5_7
Info:  Adding geometry Polygon_4_1
Info:  Adding geometry Polygon_Volume_1_4_8
Info:  Adding geometry Polygon_Volume_1_5_8
Info:  Adding geometry Polygon_5_1
Info:  Adding geometry Polygon_Volume_1_4_9
Info:  Adding geometry Polygon_Volume_1_5_9
Info:  Adding geometry BoreholeVolume_1_Volume_1_1
Info:  Adding geometry BoreholeVolume_1_1
Info:  Adding geometry BoreholeVolume_2_Volume_1_1
Info:  Adding geometry BoreholeVolume_2_1
Info:  Adding geometry BoreholeVolume_3_Volume_1_1
Info:  Adding geometry BoreholeVolume_3_1
Info:  Adding geometry BoreholeVolume_3_Volume_1_2
Info:  Adding geometry BoreholeVolume_4_Volume_1_1
Info:  Adding geometry BoreholeVolume_4_1
Info:  Adding geometry BoreholeVolume_5_Volume_1_1
Info:  Adding geometry BoreholeVolume_5_Volume_1_2
Info:  Adding geometry BoreholeVolume_5_Volume_1_3
Info:  Adding geometry BoreholeVolume_5_Volume_1_4
Info:  Adding geometry BoreholeVolume_5_1
Info:  Adding geometry BoreholeVolume_6_1
Info:  Adding geometry BoreholeVolume_7_1
Info:  Adding geometry Polygon_1_Polygon_Volume_1_1_1
Info:  Adding geometry Polygon_Volume_1_2_1
Info:  Adding geometry Polygon_Volume_1_3_1
Info:  Adding geometry Polygon_Volume_1_2_2
Info:  Adding geometry Polygon_Volume_1_3_2
Info:  Adding geometry Polygon_Volume_1_2_3
Info:  Adding geometry Polygon_Volume_1_3_3
Info:  Adding geometry Polygon_2_1
Info:  Adding geometry Polygon_Volume_1_2_4
Info:  Adding geometry Polygon_Volume_1_3_4
Info:  Adding geometry Polygon_Volume_1_2_5
Info:  Adding geometry Polygon_Volume_1_3_5
Info:  Adding geometry Polygon_Volume_1_2_6
Info:  Adding geometry Polygon_Volume_1_3_6
Info:  Adding geometry Polygon_Volume_1_2_7
Info:  Adding geometry Polygon_Volume_1_3_7
Info:  Adding geometry Polygon_Volume_1_2_8
Info:  Adding geometry Polygon_Volume_1_3_8
Info:  Adding geometry Polygon_Volume_1_2_9
Info:  Adding geometry Polygon_Volume_1_3_9
Info:  Adding geometry Polygon_Volume_1_6_1
Info:  Element dimension on Polygon_Volume_1_4_1 set to 3.32427
Info:  Element dimension on Polygon_Volume_1_5_1 set to 3.32427
Info:  Element dimension on Polygon_Volume_1_4_2 set to 3.32427
Info:  Element dimension on Polygon_Volume_1_5_2 set to 3.32427
Info:  Element dimension on Polygon_Volume_1_4_3 set to 3.32427
Info:  Element dimension on Polygon_Volume_1_5_3 set to 3.32427
Info:  Element dimension on Polygon_Volume_1_4_4 set to 3.32427
Info:  Element dimension on Polygon_Volume_1_5_4 set to 3.32427
Info:  Element dimension on Polygon_Volume_1_4_5 set to 3.32427
Info:  Element dimension on Polygon_Volume_1_5_5 set to 3.32427
Info:  Element dimension on Polygon_Volume_1_4_6 set to 3.32427
Info:  Element dimension on Polygon_Volume_1_5_6 set to 3.32427
Info:  Element dimension on Polygon_3_1 set to 3.32427
Info:  Element dimension on Polygon_Volume_1_4_7 set to 3.32427
Info:  Element dimension on Polygon_Volume_1_5_7 set to 3.32427
Info:  Element dimension on Polygon_4_1 set to 3.32427
Info:  Element dimension on Polygon_Volume_1_4_8 set to 3.32427
Info:  Element dimension on Polygon_Volume_1_5_8 set to 3.32427
Info:  Element dimension on Polygon_5_1 set to 3.32427
Info:  Element dimension on Polygon_Volume_1_4_9 set to 3.32427
Info:  Element dimension on Polygon_Volume_1_5_9 set to 3.32427
Info:  Element dimension on BoreholeVolume_1_1 set to 2.65942
Info:  Element dimension on BoreholeVolume_2_1 set to 2.65942
Info:  Element dimension on BoreholeVolume_3_1 set to 2.65942
Info:  Element dimension on BoreholeVolume_4_1 set to 2.65942
Info:  Element dimension on BoreholeVolume_5_1 set to 2.65942
Info:  Adding constructing feature Polygon_Volume_1_4_3
Info:  Adding constructing feature Polygon_Volume_1_5_3
Info:  Adding constructing feature Polygon_Volume_1_4_1
Info:  Adding constructing feature Polygon_Volume_1_5_1
Info:  Adding constructing feature Polygon_3_1
Info:  Adding constructing feature Polygon_Volume_1_4_7
Info:  Adding constructing feature Polygon_Volume_1_5_7
Info:  Adding constructing feature Polygon_4_1
Info:  Adding constructing feature Polygon_Volume_1_4_8
Info:  Adding constructing feature Polygon_Volume_1_5_8
Info:  Adding constructing feature Polygon_5_1
Info:  Adding constructing feature Polygon_Volume_1_4_9
Info:  Adding constructing feature Polygon_Volume_1_5_9
Info:  Adding constructing feature BoreholeVolume_1_Volume_1_1
Info:  Adding constructing feature BoreholeVolume_1_1
Info:  Adding constructing feature BoreholeVolume_2_Volume_1_1
Info:  Adding constructing feature Polygon_Volume_1_4_2
Info:  Adding constructing feature Polygon_Volume_1_5_2
Info:  Adding constructing feature Polygon_Volume_1_4_4
Info:  Adding constructing feature Polygon_Volume_1_5_4
Info:  Adding constructing feature BoreholeVolume_2_1
Info:  Adding constructing feature BoreholeVolume_3_Volume_1_1
Info:  Adding constructing feature BoreholeVolume_3_1
Info:  Adding constructing feature BoreholeVolume_3_Volume_1_2
Info:  Adding constructing feature BoreholeVolume_4_Volume_1_1
Info:  Adding constructing feature BoreholeVolume_4_1
Info:  Adding constructing feature BoreholeVolume_5_Volume_1_1
Info:  Adding constructing feature BoreholeVolume_5_Volume_1_2
Info:  Adding constructing feature BoreholeVolume_5_Volume_1_3
Info:  Adding constructing feature BoreholeVolume_5_Volume_1_4
Info:  Adding constructing feature BoreholeVolume_5_1
Info:  Adding constructing feature BoreholeVolume_6_1
Info:  Adding constructing feature BoreholeVolume_7_1
Info:  Adding constructing feature Polygon_Volume_1_4_5
Info:  Adding constructing feature Polygon_Volume_1_5_5
Info:  Adding constructing feature Polygon_Volume_1_4_6
Info:  Adding constructing feature Polygon_Volume_1_5_6
Info:  Option WriteToNDMDatabase has been disabled.
Info:  Timer IMPRO.model_setup ran 0.039 seconds.
Info:  ####################################################################################################
Info:  ###                                      CreateConnections                                       ###
Info:  ####################################################################################################
Info:  Creating all possible connections around interfaces.
Info:  Skip the creation of connections, WriteToNDMDatabase option is disabled.
Info:  Timer IMPRO.task_CreateConnections ran 0.001 seconds.
Info:  Finished task CreateConnections

Info:  ####################################################################################################
Info:  ###                                       CombineGeometry                                        ###
Info:  ####################################################################################################
Info:  Combines geometry with respect to the geometry of the features, kind of feature and mesh settings.
Info:  Timer IMPRO.task_CombineGeometry ran 0.005 seconds.
Info:  Finished task CombineGeometry

Info:  ####################################################################################################
Info:  ###                                    GetSweepingInformation                                    ###
Info:  ####################################################################################################
Info:  Gets the information regarding sweepable geometries to be used during mesh generation.
Info:  Sweepable meshes has been disabled.
'Info:  Timer IMPRO.task_GetSweepingInformation ran 0 seconds.
Info:  Finished task GetSweepingInformation

Info:  ####################################################################################################
Info:  ###                                    AddMissingFaceFeatures                                    ###
Info:  ####################################################################################################
Info:  Adds face features to support water loads. This is only needed in case of using legacy PLAXIS Fortran kernel.
Info:  Timer IMPRO.task_AddMissingFaceFeatures ran 0.004 seconds.
Info:  Finished task AddMissingFaceFeatures

Info:  ####################################################################################################
Info:  ###                                           ApplyEMR                                           ###
Info:  ####################################################################################################
Info:  Performs Enhanced Mesh Refinement (EMR) on incoming Geometry and Coarseness objects.
Info:  EMR parameters used are: 
1.2  # global scaling factor
2  # 3d proximity
2  # in-surface proximity
1  # surface curvature for open surfaces
2  # curve length
1  # curve curvature
1  # curve angle (PLAXIS 2D only)
0.005  # global minimum size factor
1  # global EMR deactivation factor
0.5  # global EMR smoothing factor

Info:  Calculating mesh sizing source points for a FusedGenericShape
Info:  Timer IMPRO.EMR.calculateSourcePoints() for curve length ran 0.001 seconds.
Info:  Timer IMPRO.EMR.calculateSourcePoints() for curve curvature ran 0 seconds.
Info:  Timer IMPRO.EMR.calculateSourcePoints() for curve angle ran 0 seconds.
Info:  Calculating 2D proximity source points
Info:  Timer IMPRO.EMR.calculateSourcePoints() for in-surface proximity ran 0.182 seconds.
Info:  Timer IMPRO.EMR.calculateSourcePoints() for open surface curvature ran 0 seconds.
Info:  Timer IMPRO.EMR.calculateSourcePoints() for closed surface curvature ran 0.001 seconds.
Info:  Calculating 3D proximity source points
Info:  Created 3d proximity analysis sizing tree with 8534 leaves and 15959 nodes
Info:  Generated 974 3d proximity source points based on fronts meeting at a single, shared lattice node
Info:  Generated 31 3d proximity source points based on fronts meeting within a lattice edge, of which 22 non-trivial.
Warning:  Encountered lattice edges for which more than 1 source point was generated: sizing calculations may be less accurate than desired:
  11 times: 2 source points generated, based on 3 intersections.
Info:  Generated 948 3d proximity source points based on fronts meeting during propagation, of which 476 because of diametrically opposing fronts meeting
Info:  Timer IMPRO.EMR.calculateSourcePoints() for 3D proximity ran 0.229 seconds.
Debug:  Calling createLatticePointLinks() with 1953 3D proximity source points
Debug:  Timer IMPRO.EMR.createLatticePointLinks() for 3D proximity ran 0.117 seconds.
Debug:  Calling createLatticePointLinks() with 1657 in-surface proximity source points
Debug:  Timer IMPRO.EMR.createLatticePointLinks() for in-surface proximity ran 0.038 seconds.
Debug:  Calling createLatticePointLinks() with 0 open surface curvature source points
Debug:  Timer IMPRO.EMR.createLatticePointLinks() for open surface curvature ran 0.015 seconds.
Debug:  Calling createLatticePointLinks() with 0 closed surface curvature source points
Debug:  Timer IMPRO.EMR.createLatticePointLinks() for closed surface curvature ran 0.009 seconds.
Debug:  Calling createLatticePointLinks() with 132 curve length source points
Debug:  Timer IMPRO.EMR.createLatticePointLinks() for curve length ran 0.011 seconds.
Debug:  Calling createLatticePointLinks() with 0 curve curvature source points
Debug:  Timer IMPRO.EMR.createLatticePointLinks() for curve curvature ran 0.018 seconds.
Debug:  Calling createLatticePointLinks() with 0 curve angle source points
Debug:  Timer IMPRO.EMR.createLatticePointLinks() for curve angle ran 0.009 seconds.
Debug:  Timer IMPRO.EMR.calculateSourceTypeSizes() ran 0.294 seconds.
Debug:  Timer IMPRO.EMR.SmoothMeshSizingField.medianSmoothing ran 0.094 seconds.
Debug:  Timer IMPRO.EMR.SmoothMeshSizingField.laplacianSmoothing ran 0.756 seconds.
Debug:  Timer IMPRO.EMR.SmoothMeshSizingField.enforceLipschitzSmoothing ran 0.096 seconds.
Debug:  Timer IMPRO.SmoothMeshSizingField ran 1.004 seconds.
Info:  Timer IMPRO.task_ApplyEMR ran 1.826 seconds.
Info:  Finished task ApplyEMR

Info:  ####################################################################################################
Info:  ###                                          CreateMesh                                          ###
Info:  ####################################################################################################
Info:  Creates meshes from geometry
Info:  User-defined coarseness settings used are: 
0.5  # user-defined coarseness smoothing factor
Info:  Timer IMPRO.createMesh().SetupUserDefinedCoarsenesses ran 0.001 seconds.
Info:  ********** Creating mesh for a combined geometry.**********
Info:  Option Use2DAlgorithmMeshAdapt has not been set. Falling back to the default behaviour, which is disabled.
Info:  Option Use2DAlgorithmDelaunay has not been set. Falling back to the default behaviour, which is disabled.
Info:  Gmsh 2D algorithm is set to Frontal
Info:  Gmsh 3D mesh optimization has been enabled.
Info:  Option NetgenOptimization3D has not been set. Falling back to the default behaviour, which is disabled.
Debug:  Calling createLatticePointLinks() with 444 user-defined coarseness source points
Debug:  Timer IMPRO.EMR.createLatticePointLinks() for user-defined coarseness ran 0.011 seconds.
Debug:  Timer IMPRO.UserDefinedSizes.calculateSourceTypeSizes() ran 0.016 seconds.
Debug:  Timer IMPRO.UserDefinedSizes.SourcePointsCoarseningVolumes ran 0 seconds.
Debug:  Timer IMPRO.EMR.SmoothMeshSizingField.medianSmoothing ran 0 seconds.
Debug:  Timer IMPRO.EMR.SmoothMeshSizingField.laplacianSmoothing ran 0 seconds.
Debug:  Timer IMPRO.EMR.SmoothMeshSizingField.enforceLipschitzSmoothing ran 0.012 seconds.
Debug:  Timer IMPRO.SmoothMeshSizingField ran 0.022 seconds.
Info:  Timer IMPRO.createMesh().ApplyUserDefinedCoarsenesses ran 0.069 seconds.
Info:  Meshing 1D...
Info:  Meshing curve 1 (Line)
Info:  Meshing curve 2 (Line)
Info:  Meshing curve 3 (Line)
Info:  Meshing curve 4 (Line)
Info:  Meshing curve 5 (Line)
Info:  Meshing curve 6 (Line)
Info:  Meshing curve 7 (Line)
Info:  Meshing curve 8 (Line)
Info:  Meshing curve 9 (Line)
Info:  Meshing curve 10 (Line)
Info:  Meshing curve 11 (Line)
Info:  Meshing curve 12 (Line)
Info:  Meshing curve 13 (Line)
Info:  Meshing curve 14 (Line)
Info:  Meshing curve 15 (Line)
Info:  Meshing curve 16 (Line)
Info:  Meshing curve 17 (Line)
Info:  Meshing curve 18 (Line)
Info:  Meshing curve 19 (Line)
Info:  Meshing curve 20 (Line)
Info:  Meshing curve 21 (Line)
Info:  Meshing curve 22 (Line)
Info:  Meshing curve 23 (Line)
Info:  Meshing curve 24 (Line)
Info:  Meshing curve 25 (Line)
Info:  Meshing curve 26 (Line)
Info:  Meshing curve 27 (Line)
Info:  Meshing curve 28 (Line)
Info:  Meshing curve 29 (Line)
Info:  Meshing curve 30 (Line)
Info:  Meshing curve 31 (Line)
Info:  Meshing curve 32 (Line)
Info:  Meshing curve 33 (Line)
Info:  Meshing curve 34 (Line)
Info:  Meshing curve 35 (Line)
Info:  Meshing curve 36 (Line)
Info:  Meshing curve 37 (Line)
Info:  Meshing curve 38 (Line)
Info:  Meshing curve 39 (Line)
Info:  Meshing curve 40 (Line)
Info:  Meshing curve 41 (Line)
Info:  Meshing curve 42 (Line)
Info:  Meshing curve 43 (Line)
Info:  Meshing curve 44 (Line)
Info:  Meshing curve 45 (Line)
Info:  Meshing curve 46 (Line)
Info:  Meshing curve 47 (Line)
Info:  Meshing curve 48 (Line)
Info:  Meshing curve 49 (Line)
Info:  Meshing curve 50 (Line)
Info:  Meshing curve 51 (Line)
Info:  Meshing curve 52 (Line)
Info:  Meshing curve 53 (Line)
Info:  Meshing curve 54 (Line)
Info:  Meshing curve 55 (Line)
Info:  Meshing curve 56 (Line)
Info:  Meshing curve 57 (Line)
Info:  Meshing curve 58 (Line)
Info:  Meshing curve 59 (Line)
Info:  Meshing curve 60 (Line)
Info:  Meshing curve 61 (Line)
Info:  Meshing curve 62 (Line)
Info:  Meshing curve 63 (Line)
Info:  Meshing curve 64 (Line)
Info:  Meshing curve 65 (Line)
Info:  Meshing curve 66 (Line)
Info:  Meshing curve 67 (Line)
Info:  Meshing curve 68 (Line)
Info:  Meshing curve 69 (Line)
Info:  Meshing curve 70 (Line)
Info:  Meshing curve 71 (Line)
Info:  Meshing curve 72 (Line)
Info:  Meshing curve 73 (Line)
Info:  Meshing curve 74 (Line)
Info:  Meshing curve 75 (Line)
Info:  Meshing curve 76 (Line)
Info:  Meshing curve 77 (Line)
Info:  Meshing curve 78 (Line)
Info:  Meshing curve 79 (Line)
Info:  Meshing curve 80 (Line)
Info:  Meshing curve 81 (Line)
Info:  Meshing curve 82 (Line)
Info:  Meshing curve 83 (Line)
Info:  Meshing curve 84 (Line)
Info:  Meshing curve 85 (Line)
Info:  Meshing curve 86 (Line)
Info:  Meshing curve 87 (Line)
Info:  Meshing curve 88 (Line)
Info:  Meshing curve 89 (Line)
Info:  Meshing curve 90 (Line)
Info:  Meshing curve 91 (Line)
Info:  Meshing curve 92 (Line)
Info:  Meshing curve 93 (Line)
Info:  Meshing curve 94 (Line)
Info:  Meshing curve 95 (Line)
Info:  Meshing curve 96 (Line)
Info:  Meshing curve 97 (Line)
Info:  Meshing curve 98 (Line)
Info:  Meshing curve 99 (Line)
Info:  Meshing curve 100 (Line)
Info:  Meshing curve 101 (Line)
Info:  Meshing curve 102 (Line)
Info:  Meshing curve 103 (Line)
Info:  Meshing curve 104 (Line)
Info:  Meshing curve 105 (Line)
Info:  Meshing curve 106 (Line)
Info:  Meshing curve 107 (Line)
Info:  Meshing curve 108 (Line)
Info:  Meshing curve 109 (Line)
Info:  Meshing curve 110 (Line)
Info:  Meshing curve 111 (Line)
Info:  Meshing curve 112 (Line)
Info:  Meshing curve 113 (Line)
Info:  Meshing curve 114 (Line)
Info:  Meshing curve 115 (Line)
Info:  Meshing curve 116 (Line)
Info:  Meshing curve 117 (Line)
Info:  Meshing curve 118 (Line)
Info:  Meshing curve 119 (Line)
Info:  Meshing curve 120 (Line)
Info:  Meshing curve 121 (Line)
Info:  Meshing curve 122 (Line)
Info:  Meshing curve 123 (Line)
Info:  Meshing curve 124 (Line)
Info:  Meshing curve 125 (Line)
Info:  Meshing curve 126 (Line)
Info:  Meshing curve 127 (Line)
Info:  Meshing curve 128 (Line)
Info:  Meshing curve 129 (Line)
Info:  Meshing curve 130 (Line)
Info:  Meshing curve 131 (Line)
Info:  Meshing curve 132 (Line)
Info:  Done meshing 1D (0.421875 s)
Info:  Meshing 2D...
Info:  Meshing surface 1 (Plane, Frontal)
Info:  Meshing surface 2 (Plane, Frontal)
Info:  Meshing surface 3 (Plane, Frontal)
Info:  Meshing surface 4 (Plane, Frontal)
Info:  Meshing surface 5 (Plane, Frontal)
Info:  Meshing surface 6 (Plane, Frontal)
Info:  Meshing surface 7 (Plane, Frontal)
Info:  Meshing surface 8 (Plane, Frontal)
Info:  Meshing surface 9 (Plane, Frontal)
Info:  Meshing surface 10 (Plane, Frontal)
Info:  Meshing surface 11 (Plane, Frontal)
Info:  Meshing surface 12 (Plane, Frontal)
Info:  Meshing surface 13 (Plane, Frontal)
Info:  Meshing surface 14 (Plane, Frontal)
Info:  Meshing surface 15 (Plane, Frontal)
Info:  Meshing surface 16 (Plane, Frontal)
Info:  Meshing surface 17 (Plane, Frontal)
Info:  Meshing surface 18 (Plane, Frontal)
Info:  Meshing surface 19 (Plane, Frontal)
Info:  Meshing surface 20 (Plane, Frontal)
Info:  Meshing surface 21 (Plane, Frontal)
Info:  Meshing surface 22 (Plane, Frontal)
Info:  Meshing surface 23 (Plane, Frontal)
Info:  Meshing surface 24 (Plane, Frontal)
Info:  Meshing surface 25 (Plane, Frontal)
Info:  Meshing surface 26 (Plane, Frontal)
Info:  Meshing surface 27 (Plane, Frontal)
Info:  Meshing surface 28 (Plane, Frontal)
Info:  Meshing surface 29 (Plane, Frontal)
Info:  Meshing surface 30 (Plane, Frontal)
Info:  Meshing surface 31 (Plane, Frontal)
Info:  Meshing surface 32 (Plane, Frontal)
Info:  Meshing surface 33 (Plane, Frontal)
Info:  Meshing surface 34 (Plane, Frontal)
Info:  Meshing surface 35 (Plane, Frontal)
Info:  Meshing surface 36 (Plane, Frontal)
Info:  Meshing surface 37 (Plane, Frontal)
Info:  Meshing surface 38 (Plane, Frontal)
Info:  Meshing surface 39 (Plane, Frontal)
Info:  Meshing surface 40 (Plane, Frontal)
Info:  Meshing surface 41 (Plane, Frontal)
Info:  Meshing surface 42 (Plane, Frontal)
Info:  Meshing surface 43 (Plane, Frontal)
Info:  Meshing surface 44 (Plane, Frontal)
Info:  Meshing surface 45 (Plane, Frontal)
Info:  Meshing surface 46 (Plane, Frontal)
Info:  Meshing surface 47 (Plane, Frontal)
Info:  Meshing surface 48 (Plane, Frontal)
Info:  Meshing surface 49 (Plane, Frontal)
Info:  Meshing surface 50 (Plane, Frontal)
Info:  Meshing surface 51 (Plane, Frontal)
Info:  Meshing surface 52 (Plane, Frontal)
Info:  Meshing surface 53 (Plane, Frontal)
Info:  Meshing surface 54 (Plane, Frontal)
Info:  Meshing surface 55 (Plane, Frontal)
Info:  Meshing surface 56 (Plane, Frontal)
Info:  Meshing surface 57 (Plane, Frontal)
Info:  Meshing surface 58 (Plane, Frontal)
Info:  Meshing surface 59 (Plane, Frontal)
Info:  Meshing surface 60 (Plane, Frontal)
Info:  Meshing surface 61 (Plane, Frontal)
Info:  Meshing surface 62 (Plane, Frontal)
Info:  Meshing surface 63 (Plane, Frontal)
Info:  Meshing surface 64 (Plane, Frontal)
Info:  Meshing surface 65 (Plane, Frontal)
Info:  Meshing surface 66 (Plane, Frontal)
Info:  Meshing surface 67 (Plane, Frontal)
Info:  Meshing surface 68 (Plane, Frontal)
Info:  Meshing surface 69 (Plane, Frontal)
Info:  Meshing surface 70 (Plane, Frontal)
Info:  Meshing surface 71 (Plane, Frontal)
Info:  Meshing surface 72 (Plane, Frontal)
Info:  Meshing surface 73 (Plane, Frontal)
Info:  Meshing surface 74 (Plane, Frontal)
Info:  Meshing surface 75 (Plane, Frontal)
Info:  Meshing surface 76 (Plane, Frontal)
Info:  Meshing surface 77 (Plane, Frontal)
Info:  Meshing surface 78 (Plane, Frontal)
Info:  Meshing surface 79 (Plane, Frontal)
Info:  Meshing surface 80 (Plane, Frontal)
Info:  Meshing surface 81 (Plane, Frontal)
Info:  Meshing surface 82 (Plane, Frontal)
Info:  Done meshing 2D (0.046875 s)
Info:  Meshing 3D...
Info:  Delaunay Meshing 16 volumes with 1 connected components
Info:  Tetrahedrization of 881 points in 0.015625 seconds
Info:  Reconstructing mesh ...
Info:  Creating surface mesh...
Info:  Identifying boundary edges...
Info:  Boundary Recovery...
Info:  Writing to GRegion...
Info:  We add 1 steiner points...
Info:  Reconstruct time : 0.03125 sec
Info:  Found region 1
Info:  Found region 3
Info:  Found region 10
Info:  Found region 5
Info:  Found region 12
Info:  Found region 8
Info:  Found region 4
Info:  Found region 13
Info:  Found region 9
Info:  Found region 16
Info:  Found region 2
Info:  Found region 7
Info:  Found region 11
Info:  Found region 14
Info:  Found region 15
Info:  Found region 6
Info:  0 points created - Worst tet radius is 1.65039 (PTS removed 0 0)
Info:  3D point insertion terminated (921 points created):
Info:   - 0 Delaunay cavities modified for star shapeness
Info:   - 0 points could not be inserted
Info:   - 2981 tetrahedra created in 0 sec. (-2147483648 tets/sec.)
Info:  Done meshing 3D (0.046875 s)
Info:  Optimizing 3D mesh...
Info:  Optimizing volume 1
Info:  Opti : STARTS with  1.99317E+03 QBAD  6.13971E-03 QAVG  7.22693E-01
Info:  Opti : 0.00 < QUAL < 0.10 :         4 elements
Info:  Opti : 0.10 < QUAL < 0.20 :         9 elements
Info:  Opti : 0.20 < QUAL < 0.30 :        13 elements
Info:  Opti : 0.30 < QUAL < 0.40 :        19 elements
Info:  Opti : 0.40 < QUAL < 0.50 :        45 elements
Info:  Opti : 0.50 < QUAL < 0.60 :        87 elements
Info:  Opti : 0.60 < QUAL < 0.70 :       233 elements
Info:  Opti : 0.70 < QUAL < 0.80 :       243 elements
Info:  Opti : 0.80 < QUAL < 0.90 :       206 elements
Info:  Opti : 0.90 < QUAL < 1.00 :       148 elements
Info:  Opti : (69,0,34) =  1.99317E+03 QBAD  2.73552E-01 QAVG  7.42995E-01 (   0.000 sec)
Info:  Opti : (80,0,56) =  1.99317E+03 QBAD  2.73552E-01 QAVG  7.43753E-01 (   0.000 sec)
Info:  Opti : no ill-shaped tets in the mesh ;-)
Info:  Opti : 0.00 < QUAL < 0.10 :         0 elements
Info:  Opti : 0.10 < QUAL < 0.20 :         0 elements
Info:  Opti : 0.20 < QUAL < 0.30 :         3 elements
Info:  Opti : 0.30 < QUAL < 0.40 :         9 elements
Info:  Opti : 0.40 < QUAL < 0.50 :        22 elements
Info:  Opti : 0.50 < QUAL < 0.60 :        69 elements
Info:  Opti : 0.60 < QUAL < 0.70 :       247 elements
Info:  Opti : 0.70 < QUAL < 0.80 :       261 elements
Info:  Opti : 0.80 < QUAL < 0.90 :       185 elements
Info:  Opti : 0.90 < QUAL < 1.00 :       144 elements
Info:  Optimizing volume 2
Info:  Opti : STARTS with  8.26000E+00 QBAD  2.26599E-01 QAVG  5.95943E-01
Info:  Opti : 0.00 < QUAL < 0.10 :         0 elements
Info:  Opti : 0.10 < QUAL < 0.20 :         0 elements
Info:  Opti : 0.20 < QUAL < 0.30 :         2 elements
Info:  Opti : 0.30 < QUAL < 0.40 :         0 elements
Info:  Opti : 0.40 < QUAL < 0.50 :        11 elements
Info:  Opti : 0.50 < QUAL < 0.60 :        27 elements
Info:  Opti : 0.60 < QUAL < 0.70 :        41 elements
Info:  Opti : 0.70 < QUAL < 0.80 :         8 elements
Info:  Opti : 0.80 < QUAL < 0.90 :         0 elements
Info:  Opti : 0.90 < QUAL < 1.00 :         1 elements
Info:  Opti : (6,0,0) =  8.26000E+00 QBAD  4.00428E-01 QAVG  6.07185E-01 (   0.000 sec)
Info:  Opti : no ill-shaped tets in the mesh ;-)
Info:  Opti : 0.00 < QUAL < 0.10 :         0 elements
Info:  Opti : 0.10 < QUAL < 0.20 :         0 elements
Info:  Opti : 0.20 < QUAL < 0.30 :         0 elements
Info:  Opti : 0.30 < QUAL < 0.40 :         0 elements
Info:  Opti : 0.40 < QUAL < 0.50 :         5 elements
Info:  Opti : 0.50 < QUAL < 0.60 :        32 elements
Info:  Opti : 0.60 < QUAL < 0.70 :        41 elements
Info:  Opti : 0.70 < QUAL < 0.80 :        10 elements
Info:  Opti : 0.80 < QUAL < 0.90 :         0 elements
Info:  Opti : 0.90 < QUAL < 1.00 :         0 elements
Info:  Optimizing volume 3
Info:  Opti : STARTS with  1.01065E+03 QBAD  7.48676E-02 QAVG  7.31238E-01
Info:  Opti : 0.00 < QUAL < 0.10 :         1 elements
Info:  Opti : 0.10 < QUAL < 0.20 :         4 elements
Info:  Opti : 0.20 < QUAL < 0.30 :         8 elements
Info:  Opti : 0.30 < QUAL < 0.40 :         7 elements
Info:  Opti : 0.40 < QUAL < 0.50 :        21 elements
Info:  Opti : 0.50 < QUAL < 0.60 :        55 elements
Info:  Opti : 0.60 < QUAL < 0.70 :       145 elements
Info:  Opti : 0.70 < QUAL < 0.80 :       185 elements
Info:  Opti : 0.80 < QUAL < 0.90 :       115 elements
Info:  Opti : 0.90 < QUAL < 1.00 :        90 elements
Info:  Opti : (44,0,8) =  1.01065E+03 QBAD  3.86806E-01 QAVG  7.47099E-01 (   0.000 sec)
Info:  Opti : (47,0,17) =  1.01065E+03 QBAD  3.86806E-01 QAVG  7.46734E-01 (   0.016 sec)
Info:  Opti : no ill-shaped tets in the mesh ;-)
Info:  Opti : 0.00 < QUAL < 0.10 :         0 elements
Info:  Opti : 0.10 < QUAL < 0.20 :         0 elements
Info:  Opti : 0.20 < QUAL < 0.30 :         0 elements
Info:  Opti : 0.30 < QUAL < 0.40 :         2 elements
Info:  Opti : 0.40 < QUAL < 0.50 :         5 elements
Info:  Opti : 0.50 < QUAL < 0.60 :        58 elements
Info:  Opti : 0.60 < QUAL < 0.70 :       149 elements
Info:  Opti : 0.70 < QUAL < 0.80 :       190 elements
Info:  Opti : 0.80 < QUAL < 0.90 :       119 elements
Info:  Opti : 0.90 < QUAL < 1.00 :        77 elements
Info:  Optimizing volume 4
Info:  Opti : STARTS with  1.43500E+01 QBAD  1.28684E-02 QAVG  5.47811E-01
Info:  Opti : 0.00 < QUAL < 0.10 :         3 elements
Info:  Opti : 0.10 < QUAL < 0.20 :         3 elements
Info:  Opti : 0.20 < QUAL < 0.30 :         3 elements
Info:  Opti : 0.30 < QUAL < 0.40 :         5 elements
Info:  Opti : 0.40 < QUAL < 0.50 :        18 elements
Info:  Opti : 0.50 < QUAL < 0.60 :        57 elements
Info:  Opti : 0.60 < QUAL < 0.70 :        32 elements
Info:  Opti : 0.70 < QUAL < 0.80 :        13 elements
Info:  Opti : 0.80 < QUAL < 0.90 :         0 elements
Info:  Opti : 0.90 < QUAL < 1.00 :         0 elements
Info:  Opti : (21,0,0) =  1.43500E+01 QBAD  4.17133E-01 QAVG  5.93883E-01 (   0.000 sec)
Info:  Opti : (22,0,0) =  1.43500E+01 QBAD  4.17133E-01 QAVG  5.93689E-01 (   0.000 sec)
Info:  Opti : no ill-shaped tets in the mesh ;-)
Info:  Opti : 0.00 < QUAL < 0.10 :         0 elements
Info:  Opti : 0.10 < QUAL < 0.20 :         0 elements
Info:  Opti : 0.20 < QUAL < 0.30 :         0 elements
Info:  Opti : 0.30 < QUAL < 0.40 :         0 elements
Info:  Opti : 0.40 < QUAL < 0.50 :         8 elements
Info:  Opti : 0.50 < QUAL < 0.60 :        67 elements
Info:  Opti : 0.60 < QUAL < 0.70 :        23 elements
Info:  Opti : 0.70 < QUAL < 0.80 :        15 elements
Info:  Opti : 0.80 < QUAL < 0.90 :         0 elements
Info:  Opti : 0.90 < QUAL < 1.00 :         0 elements
Info:  Optimizing volume 5
Info:  Opti : STARTS with  1.72550E+02 QBAD  9.06207E-02 QAVG  6.91841E-01
Info:  Opti : 0.00 < QUAL < 0.10 :         1 elements
Info:  Opti : 0.10 < QUAL < 0.20 :         2 elements
Info:  Opti : 0.20 < QUAL < 0.30 :         3 elements
Info:  Opti : 0.30 < QUAL < 0.40 :         4 elements
Info:  Opti : 0.40 < QUAL < 0.50 :        11 elements
Info:  Opti : 0.50 < QUAL < 0.60 :        19 elements
Info:  Opti : 0.60 < QUAL < 0.70 :        57 elements
Info:  Opti : 0.70 < QUAL < 0.80 :        70 elements
Info:  Opti : 0.80 < QUAL < 0.90 :        27 elements
Info:  Opti : 0.90 < QUAL < 1.00 :        17 elements
Info:  Opti : (18,0,2) =  1.72550E+02 QBAD  3.62001E-01 QAVG  7.16131E-01 (   0.000 sec)
Info:  Opti : (21,0,2) =  1.72550E+02 QBAD  3.62001E-01 QAVG  7.20340E-01 (   0.000 sec)
Info:  Opti : no ill-shaped tets in the mesh ;-)
Info:  Opti : 0.00 < QUAL < 0.10 :         0 elements
Info:  Opti : 0.10 < QUAL < 0.20 :         0 elements
Info:  Opti : 0.20 < QUAL < 0.30 :         0 elements
Info:  Opti : 0.30 < QUAL < 0.40 :         1 elements
Info:  Opti : 0.40 < QUAL < 0.50 :         6 elements
Info:  Opti : 0.50 < QUAL < 0.60 :        19 elements
Info:  Opti : 0.60 < QUAL < 0.70 :        53 elements
Info:  Opti : 0.70 < QUAL < 0.80 :        74 elements
Info:  Opti : 0.80 < QUAL < 0.90 :        23 elements
Info:  Opti : 0.90 < QUAL < 1.00 :        18 elements
Info:  Optimizing volume 6
Info:  Opti : STARTS with  2.80000E-01 QBAD  6.15697E-01 QAVG  6.49696E-01
Info:  Opti : 0.00 < QUAL < 0.10 :         0 elements
Info:  Opti : 0.10 < QUAL < 0.20 :         0 elements
Info:  Opti : 0.20 < QUAL < 0.30 :         0 elements
Info:  Opti : 0.30 < QUAL < 0.40 :         0 elements
Info:  Opti : 0.40 < QUAL < 0.50 :         0 elements
Info:  Opti : 0.50 < QUAL < 0.60 :         0 elements
Info:  Opti : 0.60 < QUAL < 0.70 :        12 elements
Info:  Opti : 0.70 < QUAL < 0.80 :         0 elements
Info:  Opti : 0.80 < QUAL < 0.90 :         0 elements
Info:  Opti : 0.90 < QUAL < 1.00 :         0 elements
Info:  Opti : no ill-shaped tets in the mesh ;-)
Info:  Opti : 0.00 < QUAL < 0.10 :         0 elements
Info:  Opti : 0.10 < QUAL < 0.20 :         0 elements
Info:  Opti : 0.20 < QUAL < 0.30 :         0 elements
Info:  Opti : 0.30 < QUAL < 0.40 :         0 elements
Info:  Opti : 0.40 < QUAL < 0.50 :         0 elements
Info:  Opti : 0.50 < QUAL < 0.60 :         0 elements
Info:  Opti : 0.60 < QUAL < 0.70 :        12 elements
Info:  Opti : 0.70 < QUAL < 0.80 :         0 elements
Info:  Opti : 0.80 < QUAL < 0.90 :         0 elements
Info:  Opti : 0.90 < QUAL < 1.00 :         0 elements
Info:  Optimizing volume 7
Info:  Opti : STARTS with  2.17000E+00 QBAD  5.61608E-01 QAVG  6.68367E-01
Info:  Opti : 0.00 < QUAL < 0.10 :         0 elements
Info:  Opti : 0.10 < QUAL < 0.20 :         0 elements
Info:  Opti : 0.20 < QUAL < 0.30 :         0 elements
Info:  Opti : 0.30 < QUAL < 0.40 :         0 elements
Info:  Opti : 0.40 < QUAL < 0.50 :         0 elements
Info:  Opti : 0.50 < QUAL < 0.60 :         3 elements
Info:  Opti : 0.60 < QUAL < 0.70 :        18 elements
Info:  Opti : 0.70 < QUAL < 0.80 :        12 elements
Info:  Opti : 0.80 < QUAL < 0.90 :         0 elements
Info:  Opti : 0.90 < QUAL < 1.00 :         0 elements
Info:  Opti : (1,0,0) =  2.17000E+00 QBAD  5.93270E-01 QAVG  6.68416E-01 (   0.000 sec)
Info:  Opti : no ill-shaped tets in the mesh ;-)
Info:  Opti : 0.00 < QUAL < 0.10 :         0 elements
Info:  Opti : 0.10 < QUAL < 0.20 :         0 elements
Info:  Opti : 0.20 < QUAL < 0.30 :         0 elements
Info:  Opti : 0.30 < QUAL < 0.40 :         0 elements
Info:  Opti : 0.40 < QUAL < 0.50 :         0 elements
Info:  Opti : 0.50 < QUAL < 0.60 :         2 elements
Info:  Opti : 0.60 < QUAL < 0.70 :        19 elements
Info:  Opti : 0.70 < QUAL < 0.80 :        12 elements
Info:  Opti : 0.80 < QUAL < 0.90 :         0 elements
Info:  Opti : 0.90 < QUAL < 1.00 :         0 elements
Info:  Optimizing volume 8
Info:  Opti : STARTS with  7.39500E+01 QBAD  1.22480E-02 QAVG  7.02901E-01
Info:  Opti : 0.00 < QUAL < 0.10 :         1 elements
Info:  Opti : 0.10 < QUAL < 0.20 :         0 elements
Info:  Opti : 0.20 < QUAL < 0.30 :         0 elements
Info:  Opti : 0.30 < QUAL < 0.40 :         0 elements
Info:  Opti : 0.40 < QUAL < 0.50 :         8 elements
Info:  Opti : 0.50 < QUAL < 0.60 :         9 elements
Info:  Opti : 0.60 < QUAL < 0.70 :        26 elements
Info:  Opti : 0.70 < QUAL < 0.80 :        59 elements
Info:  Opti : 0.80 < QUAL < 0.90 :        18 elements
Info:  Opti : 0.90 < QUAL < 1.00 :         0 elements
Info:  Opti : (8,0,0) =  7.39500E+01 QBAD  4.23289E-01 QAVG  7.14716E-01 (   0.000 sec)
Info:  Opti : no ill-shaped tets in the mesh ;-)
Info:  Opti : 0.00 < QUAL < 0.10 :         0 elements
Info:  Opti : 0.10 < QUAL < 0.20 :         0 elements
Info:  Opti : 0.20 < QUAL < 0.30 :         0 elements
Info:  Opti : 0.30 < QUAL < 0.40 :         0 elements
Info:  Opti : 0.40 < QUAL < 0.50 :         5 elements
Info:  Opti : 0.50 < QUAL < 0.60 :         9 elements
Info:  Opti : 0.60 < QUAL < 0.70 :        29 elements
Info:  Opti : 0.70 < QUAL < 0.80 :        59 elements
Info:  Opti : 0.80 < QUAL < 0.90 :        18 elements
Info:  Opti : 0.90 < QUAL < 1.00 :         0 elements
Info:  Optimizing volume 9
Info:  Opti : STARTS with  1.05000E+00 QBAD  4.64340E-01 QAVG  6.76687E-01
Info:  Opti : 0.00 < QUAL < 0.10 :         0 elements
Info:  Opti : 0.10 < QUAL < 0.20 :         0 elements
Info:  Opti : 0.20 < QUAL < 0.30 :         0 elements
Info:  Opti : 0.30 < QUAL < 0.40 :         0 elements
Info:  Opti : 0.40 < QUAL < 0.50 :         2 elements
Info:  Opti : 0.50 < QUAL < 0.60 :         4 elements
Info:  Opti : 0.60 < QUAL < 0.70 :         4 elements
Info:  Opti : 0.70 < QUAL < 0.80 :        14 elements
Info:  Opti : 0.80 < QUAL < 0.90 :         0 elements
Info:  Opti : 0.90 < QUAL < 1.00 :         0 elements
Info:  Opti : (4,0,0) =  1.05000E+00 QBAD  5.13877E-01 QAVG  6.89154E-01 (   0.000 sec)
Info:  Opti : no ill-shaped tets in the mesh ;-)
Info:  Opti : 0.00 < QUAL < 0.10 :         0 elements
Info:  Opti : 0.10 < QUAL < 0.20 :         0 elements
Info:  Opti : 0.20 < QUAL < 0.30 :         0 elements
Info:  Opti : 0.30 < QUAL < 0.40 :         0 elements
Info:  Opti : 0.40 < QUAL < 0.50 :         0 elements
Info:  Opti : 0.50 < QUAL < 0.60 :         6 elements
Info:  Opti : 0.60 < QUAL < 0.70 :         0 elements
Info:  Opti : 0.70 < QUAL < 0.80 :        18 elements
Info:  Opti : 0.80 < QUAL < 0.90 :         0 elements
Info:  Opti : 0.90 < QUAL < 1.00 :         0 elements
Info:  Optimizing volume 10
Info:  Opti : STARTS with  5.86670E+02 QBAD  3.65294E-02 QAVG  7.29639E-01
Info:  Opti : 0.00 < QUAL < 0.10 :         3 elements
Info:  Opti : 0.10 < QUAL < 0.20 :         4 elements
Info:  Opti : 0.20 < QUAL < 0.30 :         7 elements
Info:  Opti : 0.30 < QUAL < 0.40 :         2 elements
Info:  Opti : 0.40 < QUAL < 0.50 :        10 elements
Info:  Opti : 0.50 < QUAL < 0.60 :        33 elements
Info:  Opti : 0.60 < QUAL < 0.70 :        95 elements
Info:  Opti : 0.70 < QUAL < 0.80 :        99 elements
Info:  Opti : 0.80 < QUAL < 0.90 :        91 elements
Info:  Opti : 0.90 < QUAL < 1.00 :        49 elements
Info:  Opti : (29,0,13) =  5.86670E+02 QBAD  3.64127E-01 QAVG  7.51427E-01 (   0.000 sec)
Info:  Opti : (32,0,15) =  5.86670E+02 QBAD  3.64127E-01 QAVG  7.53817E-01 (   0.000 sec)
Info:  Opti : no ill-shaped tets in the mesh ;-)
Info:  Opti : 0.00 < QUAL < 0.10 :         0 elements
Info:  Opti : 0.10 < QUAL < 0.20 :         0 elements
Info:  Opti : 0.20 < QUAL < 0.30 :         0 elements
Info:  Opti : 0.30 < QUAL < 0.40 :         2 elements
Info:  Opti : 0.40 < QUAL < 0.50 :         0 elements
Info:  Opti : 0.50 < QUAL < 0.60 :        30 elements
Info:  Opti : 0.60 < QUAL < 0.70 :        89 elements
Info:  Opti : 0.70 < QUAL < 0.80 :       113 elements
Info:  Opti : 0.80 < QUAL < 0.90 :        85 elements
Info:  Opti : 0.90 < QUAL < 1.00 :        48 elements
Info:  Optimizing volume 11
Info:  Opti : STARTS with  8.33000E+00 QBAD  4.72436E-01 QAVG  5.30621E-01
Info:  Opti : 0.00 < QUAL < 0.10 :         0 elements
Info:  Opti : 0.10 < QUAL < 0.20 :         0 elements
Info:  Opti : 0.20 < QUAL < 0.30 :         0 elements
Info:  Opti : 0.30 < QUAL < 0.40 :         0 elements
Info:  Opti : 0.40 < QUAL < 0.50 :        24 elements
Info:  Opti : 0.50 < QUAL < 0.60 :        24 elements
Info:  Opti : 0.60 < QUAL < 0.70 :         7 elements
Info:  Opti : 0.70 < QUAL < 0.80 :         2 elements
Info:  Opti : 0.80 < QUAL < 0.90 :         0 elements
Info:  Opti : 0.90 < QUAL < 1.00 :         0 elements
Info:  Opti : (5,0,0) =  8.33000E+00 QBAD  4.72436E-01 QAVG  5.32328E-01 (   0.000 sec)
Info:  Opti : no ill-shaped tets in the mesh ;-)
Info:  Opti : 0.00 < QUAL < 0.10 :         0 elements
Info:  Opti : 0.10 < QUAL < 0.20 :         0 elements
Info:  Opti : 0.20 < QUAL < 0.30 :         0 elements
Info:  Opti : 0.30 < QUAL < 0.40 :         0 elements
Info:  Opti : 0.40 < QUAL < 0.50 :        24 elements
Info:  Opti : 0.50 < QUAL < 0.60 :        24 elements
Info:  Opti : 0.60 < QUAL < 0.70 :         7 elements
Info:  Opti : 0.70 < QUAL < 0.80 :         2 elements
Info:  Opti : 0.80 < QUAL < 0.90 :         0 elements
Info:  Opti : 0.90 < QUAL < 1.00 :         0 elements
Info:  Optimizing volume 12
Info:  Opti : STARTS with  2.10000E+03 QBAD  8.26413E-02 QAVG  7.25581E-01
Info:  Opti : 0.00 < QUAL < 0.10 :         1 elements
Info:  Opti : 0.10 < QUAL < 0.20 :         0 elements
Info:  Opti : 0.20 < QUAL < 0.30 :         0 elements
Info:  Opti : 0.30 < QUAL < 0.40 :         1 elements
Info:  Opti : 0.40 < QUAL < 0.50 :         3 elements
Info:  Opti : 0.50 < QUAL < 0.60 :        13 elements
Info:  Opti : 0.60 < QUAL < 0.70 :        42 elements
Info:  Opti : 0.70 < QUAL < 0.80 :        54 elements
Info:  Opti : 0.80 < QUAL < 0.90 :        37 elements
Info:  Opti : 0.90 < QUAL < 1.00 :        10 elements
Info:  Opti : (10,0,0) =  2.10000E+03 QBAD  4.48962E-01 QAVG  7.28507E-01 (   0.000 sec)
Info:  Opti : no ill-shaped tets in the mesh ;-)
Info:  Opti : 0.00 < QUAL < 0.10 :         0 elements
Info:  Opti : 0.10 < QUAL < 0.20 :         0 elements
Info:  Opti : 0.20 < QUAL < 0.30 :         0 elements
Info:  Opti : 0.30 < QUAL < 0.40 :         0 elements
Info:  Opti : 0.40 < QUAL < 0.50 :         2 elements
Info:  Opti : 0.50 < QUAL < 0.60 :        13 elements
Info:  Opti : 0.60 < QUAL < 0.70 :        43 elements
Info:  Opti : 0.70 < QUAL < 0.80 :        58 elements
Info:  Opti : 0.80 < QUAL < 0.90 :        36 elements
Info:  Opti : 0.90 < QUAL < 1.00 :         8 elements
Info:  Optimizing volume 13
Info:  Opti : STARTS with  6.50000E+02 QBAD  5.85326E-01 QAVG  7.30971E-01
Info:  Opti : 0.00 < QUAL < 0.10 :         0 elements
Info:  Opti : 0.10 < QUAL < 0.20 :         0 elements
Info:  Opti : 0.20 < QUAL < 0.30 :         0 elements
Info:  Opti : 0.30 < QUAL < 0.40 :         0 elements
Info:  Opti : 0.40 < QUAL < 0.50 :         0 elements
Info:  Opti : 0.50 < QUAL < 0.60 :         1 elements
Info:  Opti : 0.60 < QUAL < 0.70 :         8 elements
Info:  Opti : 0.70 < QUAL < 0.80 :        26 elements
Info:  Opti : 0.80 < QUAL < 0.90 :         1 elements
Info:  Opti : 0.90 < QUAL < 1.00 :         0 elements
Info:  Opti : (4,0,0) =  6.50000E+02 QBAD  6.82574E-01 QAVG  7.43851E-01 (   0.000 sec)
Info:  Opti : no ill-shaped tets in the mesh ;-)
Info:  Opti : 0.00 < QUAL < 0.10 :         0 elements
Info:  Opti : 0.10 < QUAL < 0.20 :         0 elements
Info:  Opti : 0.20 < QUAL < 0.30 :         0 elements
Info:  Opti : 0.30 < QUAL < 0.40 :         0 elements
Info:  Opti : 0.40 < QUAL < 0.50 :         0 elements
Info:  Opti : 0.50 < QUAL < 0.60 :         0 elements
Info:  Opti : 0.60 < QUAL < 0.70 :         5 elements
Info:  Opti : 0.70 < QUAL < 0.80 :        30 elements
Info:  Opti : 0.80 < QUAL < 0.90 :         1 elements
Info:  Opti : 0.90 < QUAL < 1.00 :         0 elements
Info:  Optimizing volume 14
Info:  Opti : STARTS with  3.50000E-01 QBAD  4.17345E-03 QAVG  6.17312E-01
Info:  Opti : 0.00 < QUAL < 0.10 :         1 elements
Info:  Opti : 0.10 < QUAL < 0.20 :         0 elements
Info:  Opti : 0.20 < QUAL < 0.30 :         0 elements
Info:  Opti : 0.30 < QUAL < 0.40 :         0 elements
Info:  Opti : 0.40 < QUAL < 0.50 :         0 elements
Info:  Opti : 0.50 < QUAL < 0.60 :         2 elements
Info:  Opti : 0.60 < QUAL < 0.70 :         7 elements
Info:  Opti : 0.70 < QUAL < 0.80 :         3 elements
Info:  Opti : 0.80 < QUAL < 0.90 :         0 elements
Info:  Opti : 0.90 < QUAL < 1.00 :         0 elements
Info:  Opti : 1 ill-shaped tets are still in the mesh
Info:  Opti : 0.00 < QUAL < 0.10 :         1 elements
Info:  Opti : 0.10 < QUAL < 0.20 :         0 elements
Info:  Opti : 0.20 < QUAL < 0.30 :         0 elements
Info:  Opti : 0.30 < QUAL < 0.40 :         0 elements
Info:  Opti : 0.40 < QUAL < 0.50 :         0 elements
Info:  Opti : 0.50 < QUAL < 0.60 :         2 elements
Info:  Opti : 0.60 < QUAL < 0.70 :         7 elements
Info:  Opti : 0.70 < QUAL < 0.80 :         3 elements
Info:  Opti : 0.80 < QUAL < 0.90 :         0 elements
Info:  Opti : 0.90 < QUAL < 1.00 :         0 elements
Info:  Optimizing volume 15
Info:  Opti : STARTS with  3.50000E-01 QBAD  3.14902E-03 QAVG  6.17027E-01
Info:  Opti : 0.00 < QUAL < 0.10 :         1 elements
Info:  Opti : 0.10 < QUAL < 0.20 :         0 elements
Info:  Opti : 0.20 < QUAL < 0.30 :         0 elements
Info:  Opti : 0.30 < QUAL < 0.40 :         0 elements
Info:  Opti : 0.40 < QUAL < 0.50 :         0 elements
Info:  Opti : 0.50 < QUAL < 0.60 :         2 elements
Info:  Opti : 0.60 < QUAL < 0.70 :         7 elements
Info:  Opti : 0.70 < QUAL < 0.80 :         3 elements
Info:  Opti : 0.80 < QUAL < 0.90 :         0 elements
Info:  Opti : 0.90 < QUAL < 1.00 :         0 elements
Info:  Opti : 1 ill-shaped tets are still in the mesh
Info:  Opti : 0.00 < QUAL < 0.10 :         1 elements
Info:  Opti : 0.10 < QUAL < 0.20 :         0 elements
Info:  Opti : 0.20 < QUAL < 0.30 :         0 elements
Info:  Opti : 0.30 < QUAL < 0.40 :         0 elements
Info:  Opti : 0.40 < QUAL < 0.50 :         0 elements
Info:  Opti : 0.50 < QUAL < 0.60 :         2 elements
Info:  Opti : 0.60 < QUAL < 0.70 :         7 elements
Info:  Opti : 0.70 < QUAL < 0.80 :         3 elements
Info:  Opti : 0.80 < QUAL < 0.90 :         0 elements
Info:  Opti : 0.90 < QUAL < 1.00 :         0 elements
Info:  Optimizing volume 16
Info:  Opti : STARTS with  2.87000E+00 QBAD  1.31328E-01 QAVG  6.01983E-01
Info:  Opti : 0.00 < QUAL < 0.10 :         0 elements
Info:  Opti : 0.10 < QUAL < 0.20 :         2 elements
Info:  Opti : 0.20 < QUAL < 0.30 :         0 elements
Info:  Opti : 0.30 < QUAL < 0.40 :         0 elements
Info:  Opti : 0.40 < QUAL < 0.50 :         2 elements
Info:  Opti : 0.50 < QUAL < 0.60 :        14 elements
Info:  Opti : 0.60 < QUAL < 0.70 :        19 elements
Info:  Opti : 0.70 < QUAL < 0.80 :         8 elements
Info:  Opti : 0.80 < QUAL < 0.90 :         0 elements
Info:  Opti : 0.90 < QUAL < 1.00 :         0 elements
Info:  Opti : (3,0,0) =  2.87000E+00 QBAD  5.00955E-01 QAVG  6.29830E-01 (   0.000 sec)
Info:  Opti : no ill-shaped tets in the mesh ;-)
Info:  Opti : 0.00 < QUAL < 0.10 :         0 elements
Info:  Opti : 0.10 < QUAL < 0.20 :         0 elements
Info:  Opti : 0.20 < QUAL < 0.30 :         0 elements
Info:  Opti : 0.30 < QUAL < 0.40 :         0 elements
Info:  Opti : 0.40 < QUAL < 0.50 :         0 elements
Info:  Opti : 0.50 < QUAL < 0.60 :        16 elements
Info:  Opti : 0.60 < QUAL < 0.70 :        18 elements
Info:  Opti : 0.70 < QUAL < 0.80 :         8 elements
Info:  Opti : 0.80 < QUAL < 0.90 :         0 elements
Info:  Opti : 0.90 < QUAL < 1.00 :         0 elements
Info:  Done optimizing 3D mesh (0.015625 s)
Info:  Meshing order 2 (curvilinear on)...
Info:  Meshing curve 1 order 2
Info:  Meshing curve 2 order 2
Info:  Meshing curve 3 order 2
Info:  Meshing curve 4 order 2
Info:  Meshing curve 5 order 2
Info:  Meshing curve 6 order 2
Info:  Meshing curve 7 order 2
Info:  Meshing curve 8 order 2
Info:  Meshing curve 9 order 2
Info:  Meshing curve 10 order 2
Info:  Meshing curve 11 order 2
Info:  Meshing curve 12 order 2
Info:  Meshing curve 13 order 2
Info:  Meshing curve 14 order 2
Info:  Meshing curve 15 order 2
Info:  Meshing curve 16 order 2
Info:  Meshing curve 17 order 2
Info:  Meshing curve 18 order 2
Info:  Meshing curve 19 order 2
Info:  Meshing curve 20 order 2
Info:  Meshing curve 21 order 2
Info:  Meshing curve 22 order 2
Info:  Meshing curve 23 order 2
Info:  Meshing curve 24 order 2
Info:  Meshing curve 25 order 2
Info:  Meshing curve 26 order 2
Info:  Meshing curve 27 order 2
Info:  Meshing curve 28 order 2
Info:  Meshing curve 29 order 2
Info:  Meshing curve 30 order 2
Info:  Meshing curve 31 order 2
Info:  Meshing curve 32 order 2
Info:  Meshing curve 33 order 2
Info:  Meshing curve 34 order 2
Info:  Meshing curve 35 order 2
Info:  Meshing curve 36 order 2
Info:  Meshing curve 37 order 2
Info:  Meshing curve 38 order 2
Info:  Meshing curve 39 order 2
Info:  Meshing curve 40 order 2
Info:  Meshing curve 41 order 2
Info:  Meshing curve 42 order 2
Info:  Meshing curve 43 order 2
Info:  Meshing curve 44 order 2
Info:  Meshing curve 45 order 2
Info:  Meshing curve 46 order 2
Info:  Meshing curve 47 order 2
Info:  Meshing curve 48 order 2
Info:  Meshing curve 49 order 2
Info:  Meshing curve 50 order 2
Info:  Meshing curve 51 order 2
Info:  Meshing curve 52 order 2
Info:  Meshing curve 53 order 2
Info:  Meshing curve 54 order 2
Info:  Meshing curve 55 order 2
Info:  Meshing curve 56 order 2
Info:  Meshing curve 57 order 2
Info:  Meshing curve 58 order 2
Info:  Meshing curve 59 order 2
Info:  Meshing curve 60 order 2
Info:  Meshing curve 61 order 2
Info:  Meshing curve 62 order 2
Info:  Meshing curve 63 order 2
Info:  Meshing curve 64 order 2
Info:  Meshing curve 65 order 2
Info:  Meshing curve 66 order 2
Info:  Meshing curve 67 order 2
Info:  Meshing curve 68 order 2
Info:  Meshing curve 69 order 2
Info:  Meshing curve 70 order 2
Info:  Meshing curve 71 order 2
Info:  Meshing curve 72 order 2
Info:  Meshing curve 73 order 2
Info:  Meshing curve 74 order 2
Info:  Meshing curve 75 order 2
Info:  Meshing curve 76 order 2
Info:  Meshing curve 77 order 2
Info:  Meshing curve 78 order 2
Info:  Meshing curve 79 order 2
Info:  Meshing curve 80 order 2
Info:  Meshing curve 81 order 2
Info:  Meshing curve 82 order 2
Info:  Meshing curve 83 order 2
Info:  Meshing curve 84 order 2
Info:  Meshing curve 85 order 2
Info:  Meshing curve 86 order 2
Info:  Meshing curve 87 order 2
Info:  Meshing curve 88 order 2
Info:  Meshing curve 89 order 2
Info:  Meshing curve 90 order 2
Info:  Meshing curve 91 order 2
Info:  Meshing curve 92 order 2
Info:  Meshing curve 93 order 2
Info:  Meshing curve 94 order 2
Info:  Meshing curve 95 order 2
Info:  Meshing curve 96 order 2
Info:  Meshing curve 97 order 2
Info:  Meshing curve 98 order 2
Info:  Meshing curve 99 order 2
Info:  Meshing curve 100 order 2
Info:  Meshing curve 101 order 2
Info:  Meshing curve 102 order 2
Info:  Meshing curve 103 order 2
Info:  Meshing curve 104 order 2
Info:  Meshing curve 105 order 2
Info:  Meshing curve 106 order 2
Info:  Meshing curve 107 order 2
Info:  Meshing curve 108 order 2
Info:  Meshing curve 109 order 2
Info:  Meshing curve 110 order 2
Info:  Meshing curve 111 order 2
Info:  Meshing curve 112 order 2
Info:  Meshing curve 113 order 2
Info:  Meshing curve 114 order 2
Info:  Meshing curve 115 order 2
Info:  Meshing curve 116 order 2
Info:  Meshing curve 117 order 2
Info:  Meshing curve 118 order 2
Info:  Meshing curve 119 order 2
Info:  Meshing curve 120 order 2
Info:  Meshing curve 121 order 2
Info:  Meshing curve 122 order 2
Info:  Meshing curve 123 order 2
Info:  Meshing curve 124 order 2
Info:  Meshing curve 125 order 2
Info:  Meshing curve 126 order 2
Info:  Meshing curve 127 order 2
Info:  Meshing curve 128 order 2
Info:  Meshing curve 129 order 2
Info:  Meshing curve 130 order 2
Info:  Meshing curve 131 order 2
Info:  Meshing curve 132 order 2
Info:  Meshing surface 1 order 2
Info:  Meshing surface 2 order 2
Info:  Meshing surface 3 order 2
Info:  Meshing surface 4 order 2
Info:  Meshing surface 5 order 2
Info:  Meshing surface 6 order 2
Info:  Meshing surface 7 order 2
Info:  Meshing surface 8 order 2
Info:  Meshing surface 9 order 2
Info:  Meshing surface 10 order 2
Info:  Meshing surface 11 order 2
Info:  Meshing surface 12 order 2
Info:  Meshing surface 13 order 2
Info:  Meshing surface 14 order 2
Info:  Meshing surface 15 order 2
Info:  Meshing surface 16 order 2
Info:  Meshing surface 17 order 2
Info:  Meshing surface 18 order 2
Info:  Meshing surface 19 order 2
Info:  Meshing surface 20 order 2
Info:  Meshing surface 21 order 2
Info:  Meshing surface 22 order 2
Info:  Meshing surface 23 order 2
Info:  Meshing surface 24 order 2
Info:  Meshing surface 25 order 2
Info:  Meshing surface 26 order 2
Info:  Meshing surface 27 order 2
Info:  Meshing surface 28 order 2
Info:  Meshing surface 29 order 2
Info:  Meshing surface 30 order 2
Info:  Meshing surface 31 order 2
Info:  Meshing surface 32 order 2
Info:  Meshing surface 33 order 2
Info:  Meshing surface 34 order 2
Info:  Meshing surface 35 order 2
Info:  Meshing surface 36 order 2
Info:  Meshing surface 37 order 2
Info:  Meshing surface 38 order 2
Info:  Meshing surface 39 order 2
Info:  Meshing surface 40 order 2
Info:  Meshing surface 41 order 2
Info:  Meshing surface 42 order 2
Info:  Meshing surface 43 order 2
Info:  Meshing surface 44 order 2
Info:  Meshing surface 45 order 2
Info:  Meshing surface 46 order 2
Info:  Meshing surface 47 order 2
Info:  Meshing surface 48 order 2
Info:  Meshing surface 49 order 2
Info:  Meshing surface 50 order 2
Info:  Meshing surface 51 order 2
Info:  Meshing surface 52 order 2
Info:  Meshing surface 53 order 2
Info:  Meshing surface 54 order 2
Info:  Meshing surface 55 order 2
Info:  Meshing surface 56 order 2
Info:  Meshing surface 57 order 2
Info:  Meshing surface 58 order 2
Info:  Meshing surface 59 order 2
Info:  Meshing surface 60 order 2
Info:  Meshing surface 61 order 2
Info:  Meshing surface 62 order 2
Info:  Meshing surface 63 order 2
Info:  Meshing surface 64 order 2
Info:  Meshing surface 65 order 2
Info:  Meshing surface 66 order 2
Info:  Meshing surface 67 order 2
Info:  Meshing surface 68 order 2
Info:  Meshing surface 69 order 2
Info:  Meshing surface 70 order 2
Info:  Meshing surface 71 order 2
Info:  Meshing surface 72 order 2
Info:  Meshing surface 73 order 2
Info:  Meshing surface 74 order 2
Info:  Meshing surface 75 order 2
Info:  Meshing surface 76 order 2
Info:  Meshing surface 77 order 2
Info:  Meshing surface 78 order 2
Info:  Meshing surface 79 order 2
Info:  Meshing surface 80 order 2
Info:  Meshing surface 81 order 2
Info:  Meshing surface 82 order 2
Info:  Meshing volume 1 order 2
Info:  Meshing volume 2 order 2
Info:  Meshing volume 3 order 2
Info:  Meshing volume 4 order 2
Info:  Meshing volume 5 order 2
Info:  Meshing volume 6 order 2
Info:  Meshing volume 7 order 2
Info:  Meshing volume 8 order 2
Info:  Meshing volume 9 order 2
Info:  Meshing volume 10 order 2
Info:  Meshing volume 11 order 2
Info:  Meshing volume 12 order 2
Info:  Meshing volume 13 order 2
Info:  Meshing volume 14 order 2
Info:  Meshing volume 15 order 2
Info:  Meshing volume 16 order 2
Info:  Surface mesh: worst distortion = 1 (0 elements in ]0, 0.2]); worst gamma = 0.368733
Info:  Volume Mesh: worst distortion = 1 (0 elements in ]0, 0.2])
Info:  Done meshing order 2 (0.03125 s)
Info:  5482 vertices 5341 elements
Info:  PLAXIS optimization for 3D will be used.
Info:  Bad quality elements for Plaxis tetrahedral optimization have been found. Worst quality is 0.00314902 in element 5299
Info:  worst quality after iteration 1 is 0.372154 in 10 modifications:
  -1.79769e+308 < quality < -0.5: 0
  -0.5 < quality < 0: 0
  0 < quality < 0.1: 0
  0.1 < quality < 0.2: 0
  0.2 < quality < 0.3: 0
  0.3 < quality < 0.4: 67
in Timer IMPRO.createMesh().PlaxisOptimization ran 0.047 seconds.

Info:  worst quality after iteration 2 is 0.378126 in 7 modifications:
  -1.79769e+308 < quality < -0.5: 0
  -0.5 < quality < 0: 0
  0 < quality < 0.1: 0
  0.1 < quality < 0.2: 0
  0.2 < quality < 0.3: 0
  0.3 < quality < 0.4: 73
in Timer IMPRO.createMesh().PlaxisOptimization ran 0.039 seconds.

Info:  worst quality after iteration 3 is 0.378126 in 2 modifications:
  -1.79769e+308 < quality < -0.5: 0
  -0.5 < quality < 0: 0
  0 < quality < 0.1: 0
  0.1 < quality < 0.2: 0
  0.2 < quality < 0.3: 0
  0.3 < quality < 0.4: 70
in Timer IMPRO.createMesh().PlaxisOptimization ran 0.028 seconds.

Info:  Worst quality element is hardly improving and no change on any further improvements either. Stopped optimization
Info:  Still bad quality elements. Worst quality is now 0.378126
Info:  Timer IMPRO.createMesh().PlaxisOptimizationTotal ran 0.143 seconds.
Info:  Optimizing high order mesh...
Info:  Computing connectivity and bad elements for entity 1...
Info:  Computing connectivity and bad elements for entity 2...
Info:  Computing connectivity and bad elements for entity 3...
Info:  Computing connectivity and bad elements for entity 4...
Info:  Computing connectivity and bad elements for entity 5...
Info:  Computing connectivity and bad elements for entity 6...
Info:  Computing connectivity and bad elements for entity 7...
Info:  Computing connectivity and bad elements for entity 8...
Info:  Computing connectivity and bad elements for entity 9...
Info:  Computing connectivity and bad elements for entity 10...
Info:  Computing connectivity and bad elements for entity 11...
Info:  Computing connectivity and bad elements for entity 12...
Info:  Computing connectivity and bad elements for entity 13...
Info:  Computing connectivity and bad elements for entity 14...
Info:  Computing connectivity and bad elements for entity 15...
Info:  Computing connectivity and bad elements for entity 16...
Info:  maxdist = 0 badasses size = 0
Info:  Starting blob generation from 0 bad elements...
Info:  Constructing 0 primary blobs
Info:  Computing blob connectivity...
Info:  Identifying groups of primary blobs...
Info:  Merging primary blobs into 0 blobs...
Info:  Computing boundaries for 0 blobs...
Info:  Generated 0 blobs
Info:  Optimization succeeded
Info:  Done optimizing high order mesh (0.015625 s)
Info:  Worst element quality (SICN) after Gmsh meshing is 0.378126 in volume BoreholeVolume_5_1
Debug:  5 elements with worst SICN quality (quality : #nodes on a vertex, edge, face, volume)
  0.378126 : 2, 1, 1, 6
  0.398317 : 1, 0, 1, 8
  0.414741 : 0, 0, 5, 5
  0.41714 : 0, 5, 3, 2
  0.417162 : 0, 5, 3, 2
Info:  Timer IMPRO.task_CreateMesh ran 0.882 seconds.
Info:  Finished task CreateMesh

Info:  ####################################################################################################
Info:  ###                            CreateIntersectingEmbeddedEntitiesMesh                            ###
Info:  ####################################################################################################
Info:  Creates meshes for embedded entities as intersections with already existing meshes
Info:  Timer IMPRO.task_CreateIntersectingEmbeddedEntitiesMesh ran 0 seconds.
Info:  Finished task CreateIntersectingEmbeddedEntitiesMesh

Info:  ####################################################################################################
Info:  ###                                    CreateFaceDuplications                                    ###
Info:  ####################################################################################################
Info:  Creates face duplications
Info:  Timer IMPRO.task_CreateFaceDuplications ran 0.057 seconds.
Info:  Finished task CreateFaceDuplications

Info:  ####################################################################################################
Info:  ###                                        CombineResult                                         ###
Info:  ####################################################################################################
Info:  Combines the results of all the resulting meshes created by the mesher back ends.
Info:  Timer IMPRO.task_CombineResult ran 0 seconds.
Info:  Finished task CombineResult

Info:  ####################################################################################################
Info:  ###                                          OutputMesh                                          ###
Info:  ####################################################################################################
Info:  Writes Mesh Entities to file
Info:  Timer IMPRO.task_OutputMesh ran 0.03 seconds.
Info:  Finished task OutputMesh

Info:  Timer IMPRO.meshing_total ran 2.805 seconds.
